<?xml version="1.0" encoding="UTF-8"?>
<coverage generated="1785220031594" clover="3.2.0">
  <project timestamp="1785220031594" name="All files">
    <metrics statements="97" coveredstatements="95" conditionals="36" coveredconditionals="34" methods="29" coveredmethods="29" elements="162" coveredelements="158" complexity="0" loc="97" ncloc="97" packages="2" files="4" classes="4"/>
    <package name="domain">
      <metrics statements="18" coveredstatements="18" conditionals="17" coveredconditionals="17" methods="3" coveredmethods="3"/>
      <file name="DomainEvent.js" path="C:\PWP\docker\gateway\domain\DomainEvent.js">
        <metrics statements="18" coveredstatements="18" conditionals="17" coveredconditionals="17" methods="3" coveredmethods="3"/>
        <line num="3" count="5" type="stmt"/>
        <line num="26" count="27" type="cond" truecount="4" falsecount="0"/>
        <line num="27" count="3" type="stmt"/>
        <line num="29" count="24" type="cond" truecount="4" falsecount="0"/>
        <line num="30" count="1" type="stmt"/>
        <line num="33" count="23" type="stmt"/>
        <line num="34" count="23" type="stmt"/>
        <line num="35" count="23" type="cond" truecount="2" falsecount="0"/>
        <line num="36" count="23" type="stmt"/>
        <line num="37" count="23" type="cond" truecount="2" falsecount="0"/>
        <line num="38" count="23" type="cond" truecount="2" falsecount="0"/>
        <line num="43" count="12" type="stmt"/>
        <line num="59" count="9" type="cond" truecount="2" falsecount="0"/>
        <line num="60" count="9" type="stmt"/>
        <line num="65" count="9" type="stmt"/>
        <line num="66" count="9" type="stmt"/>
        <line num="67" count="9" type="stmt"/>
        <line num="71" count="5" type="stmt"/>
      </file>
    </package>
    <package name="lib">
      <metrics statements="79" coveredstatements="77" conditionals="19" coveredconditionals="17" methods="26" coveredmethods="26"/>
      <file name="diContainer.js" path="C:\PWP\docker\gateway\lib\diContainer.js">
        <metrics statements="17" coveredstatements="17" conditionals="5" coveredconditionals="4" methods="5" coveredmethods="5"/>
        <line num="3" count="2" type="stmt"/>
        <line num="4" count="2" type="stmt"/>
        <line num="5" count="2" type="stmt"/>
        <line num="18" count="10" type="cond" truecount="2" falsecount="0"/>
        <line num="19" count="2" type="stmt"/>
        <line num="21" count="8" type="stmt"/>
        <line num="36" count="7" type="stmt"/>
        <line num="38" count="7" type="stmt"/>
        <line num="39" count="7" type="stmt"/>
        <line num="41" count="7" type="stmt"/>
        <line num="43" count="5" type="stmt"/>
        <line num="46" count="4" type="stmt"/>
        <line num="50" count="7" type="stmt"/>
        <line num="65" count="3" type="cond" truecount="2" falsecount="0"/>
        <line num="66" count="1" type="stmt"/>
        <line num="68" count="2" type="stmt"/>
        <line num="71" count="2" type="stmt"/>
      </file>
      <file name="eventBus.js" path="C:\PWP\docker\gateway\lib\eventBus.js">
        <metrics statements="57" coveredstatements="55" conditionals="11" coveredconditionals="10" methods="19" coveredmethods="19"/>
        <line num="3" count="4" type="stmt"/>
        <line num="4" count="4" type="stmt"/>
        <line num="13" count="16" type="stmt"/>
        <line num="14" count="16" type="stmt"/>
        <line num="23" count="9" type="stmt"/>
        <line num="24" count="9" type="stmt"/>
        <line num="33" count="7" type="stmt"/>
        <line num="34" count="7" type="stmt"/>
        <line num="38" count="1" type="stmt"/>
        <line num="56" count="8" type="cond" truecount="2" falsecount="0"/>
        <line num="57" count="2" type="stmt"/>
        <line num="61" count="6" type="stmt"/>
        <line num="62" count="6" type="stmt"/>
        <line num="63" count="6" type="stmt"/>
        <line num="64" count="6" type="stmt"/>
        <line num="65" count="6" type="stmt"/>
        <line num="69" count="4" type="stmt"/>
        <line num="79" count="2" type="stmt"/>
        <line num="80" count="2" type="stmt"/>
        <line num="87" count="1" type="stmt"/>
        <line num="88" count="1" type="stmt"/>
        <line num="98" count="2" type="stmt"/>
        <line num="99" count="2" type="stmt"/>
        <line num="101" count="2" type="stmt"/>
        <line num="102" count="2" type="stmt"/>
        <line num="103" count="2" type="stmt"/>
        <line num="104" count="4" type="stmt"/>
        <line num="105" count="4" type="stmt"/>
        <line num="108" count="3" type="cond" truecount="2" falsecount="0"/>
        <line num="109" count="1" type="stmt"/>
        <line num="110" count="1" type="stmt"/>
        <line num="111" count="1" type="stmt"/>
        <line num="112" count="1" type="stmt"/>
        <line num="113" count="1" type="stmt"/>
        <line num="117" count="1" type="stmt"/>
        <line num="119" count="1" type="stmt"/>
        <line num="124" count="2" type="stmt"/>
        <line num="125" count="2" type="stmt"/>
        <line num="126" count="2" type="stmt"/>
        <line num="130" count="1" type="stmt"/>
        <line num="131" count="1" type="stmt"/>
        <line num="146" count="12" type="stmt"/>
        <line num="147" count="12" type="stmt"/>
        <line num="157" count="10" type="cond" truecount="2" falsecount="0"/>
        <line num="158" count="1" type="stmt"/>
        <line num="160" count="9" type="stmt"/>
        <line num="161" count="9" type="stmt"/>
        <line num="165" count="0" type="stmt"/>
        <line num="166" count="0" type="stmt"/>
        <line num="177" count="8" type="cond" truecount="2" falsecount="0"/>
        <line num="178" count="1" type="stmt"/>
        <line num="180" count="7" type="stmt"/>
        <line num="181" count="7" type="stmt"/>
        <line num="182" count="7" type="stmt"/>
        <line num="184" count="1" type="stmt"/>
        <line num="193" count="1" type="stmt"/>
        <line num="197" count="4" type="stmt"/>
      </file>
      <file name="logger.js" path="C:\PWP\docker\gateway\lib\logger.js">
        <metrics statements="5" coveredstatements="5" conditionals="3" coveredconditionals="3" methods="2" coveredmethods="2"/>
        <line num="3" count="2" type="stmt"/>
        <line num="14" count="7" type="stmt"/>
        <line num="18" count="42" type="stmt"/>
        <line num="23" count="7" type="stmt"/>
        <line num="26" count="2" type="stmt"/>
      </file>
    </package>
  </project>
</coverage>
