{"C:\\PWP\\docker\\gateway\\domain\\DomainEvent.js": {"path":"C:\\PWP\\docker\\gateway\\domain\\DomainEvent.js","statementMap":{"0":{"start":{"line":3,"column":23},"end":{"line":3,"column":40}},"1":{"start":{"line":26,"column":4},"end":{"line":28,"column":5}},"2":{"start":{"line":27,"column":6},"end":{"line":27,"column":76}},"3":{"start":{"line":29,"column":4},"end":{"line":31,"column":5}},"4":{"start":{"line":30,"column":6},"end":{"line":30,"column":76}},"5":{"start":{"line":33,"column":4},"end":{"line":33,"column":32}},"6":{"start":{"line":34,"column":4},"end":{"line":34,"column":31}},"7":{"start":{"line":35,"column":4},"end":{"line":35,"column":33}},"8":{"start":{"line":36,"column":4},"end":{"line":36,"column":47}},"9":{"start":{"line":37,"column":4},"end":{"line":37,"column":46}},"10":{"start":{"line":38,"column":4},"end":{"line":38,"column":63}},"11":{"start":{"line":43,"column":4},"end":{"line":50,"column":6}},"12":{"start":{"line":59,"column":17},"end":{"line":59,"column":64}},"13":{"start":{"line":60,"column":18},"end":{"line":63,"column":6}},"14":{"start":{"line":65,"column":4},"end":{"line":65,"column":33}},"15":{"start":{"line":66,"column":4},"end":{"line":66,"column":39}},"16":{"start":{"line":67,"column":4},"end":{"line":67,"column":17}},"17":{"start":{"line":71,"column":0},"end":{"line":71,"column":33}}},"fnMap":{"0":{"name":"(anonymous_0)","decl":{"start":{"line":25,"column":2},"end":{"line":25,"column":3}},"loc":{"start":{"line":25,"column":48},"end":{"line":39,"column":3}},"line":25},"1":{"name":"(anonymous_1)","decl":{"start":{"line":42,"column":2},"end":{"line":42,"column":3}},"loc":{"start":{"line":42,"column":11},"end":{"line":51,"column":3}},"line":42},"2":{"name":"(anonymous_2)","decl":{"start":{"line":58,"column":2},"end":{"line":58,"column":3}},"loc":{"start":{"line":58,"column":23},"end":{"line":68,"column":3}},"line":58}},"branchMap":{"0":{"loc":{"start":{"line":25,"column":34},"end":{"line":25,"column":46}},"type":"default-arg","locations":[{"start":{"line":25,"column":44},"end":{"line":25,"column":46}}],"line":25},"1":{"loc":{"start":{"line":26,"column":4},"end":{"line":28,"column":5}},"type":"if","locations":[{"start":{"line":26,"column":4},"end":{"line":28,"column":5}},{"start":{},"end":{}}],"line":26},"2":{"loc":{"start":{"line":26,"column":8},"end":{"line":26,"column":70}},"type":"binary-expr","locations":[{"start":{"line":26,"column":8},"end":{"line":26,"column":37}},{"start":{"line":26,"column":41},"end":{"line":26,"column":70}}],"line":26},"3":{"loc":{"start":{"line":29,"column":4},"end":{"line":31,"column":5}},"type":"if","locations":[{"start":{"line":29,"column":4},"end":{"line":31,"column":5}},{"start":{},"end":{}}],"line":29},"4":{"loc":{"start":{"line":29,"column":8},"end":{"line":29,"column":55}},"type":"binary-expr","locations":[{"start":{"line":29,"column":8},"end":{"line":29,"column":24}},{"start":{"line":29,"column":28},"end":{"line":29,"column":55}}],"line":29},"5":{"loc":{"start":{"line":35,"column":19},"end":{"line":35,"column":32}},"type":"binary-expr","locations":[{"start":{"line":35,"column":19},"end":{"line":35,"column":26}},{"start":{"line":35,"column":30},"end":{"line":35,"column":32}}],"line":35},"6":{"loc":{"start":{"line":37,"column":18},"end":{"line":37,"column":45}},"type":"binary-expr","locations":[{"start":{"line":37,"column":18},"end":{"line":37,"column":32}},{"start":{"line":37,"column":36},"end":{"line":37,"column":45}}],"line":37},"7":{"loc":{"start":{"line":38,"column":25},"end":{"line":38,"column":62}},"type":"binary-expr","locations":[{"start":{"line":38,"column":25},"end":{"line":38,"column":46}},{"start":{"line":38,"column":50},"end":{"line":38,"column":62}}],"line":38},"8":{"loc":{"start":{"line":59,"column":17},"end":{"line":59,"column":64}},"type":"cond-expr","locations":[{"start":{"line":59,"column":43},"end":{"line":59,"column":58}},{"start":{"line":59,"column":61},"end":{"line":59,"column":64}}],"line":59}},"s":{"0":5,"1":27,"2":3,"3":24,"4":1,"5":23,"6":23,"7":23,"8":23,"9":23,"10":23,"11":12,"12":9,"13":9,"14":9,"15":9,"16":9,"17":5},"f":{"0":27,"1":12,"2":9},"b":{"0":[14],"1":[3,24],"2":[27,26],"3":[1,23],"4":[24,23],"5":[23,1],"6":[23,10],"7":[23,14],"8":[1,8]},"_coverageSchema":"1a1c01bbd47fc00a2c39e90264f33305004495a9","hash":"c6225b6c9343cfbfc366b42cb89e1a529cce7306"}
,"C:\\PWP\\docker\\gateway\\lib\\diContainer.js": {"path":"C:\\PWP\\docker\\gateway\\lib\\diContainer.js","statementMap":{"0":{"start":{"line":3,"column":74},"end":{"line":3,"column":91}},"1":{"start":{"line":4,"column":25},"end":{"line":4,"column":44}},"2":{"start":{"line":5,"column":63},"end":{"line":5,"column":84}},"3":{"start":{"line":18,"column":2},"end":{"line":20,"column":3}},"4":{"start":{"line":19,"column":4},"end":{"line":19,"column":74}},"5":{"start":{"line":21,"column":2},"end":{"line":21,"column":33}},"6":{"start":{"line":36,"column":20},"end":{"line":36,"column":75}},"7":{"start":{"line":38,"column":20},"end":{"line":38,"column":47}},"8":{"start":{"line":39,"column":28},"end":{"line":39,"column":66}},"9":{"start":{"line":41,"column":2},"end":{"line":48,"column":5}},"10":{"start":{"line":43,"column":29},"end":{"line":43,"column":38}},"11":{"start":{"line":46,"column":52},"end":{"line":46,"column":83}},"12":{"start":{"line":50,"column":2},"end":{"line":50,"column":19}},"13":{"start":{"line":65,"column":2},"end":{"line":67,"column":3}},"14":{"start":{"line":66,"column":4},"end":{"line":66,"column":90}},"15":{"start":{"line":68,"column":2},"end":{"line":68,"column":43}},"16":{"start":{"line":71,"column":0},"end":{"line":71,"column":80}}},"fnMap":{"0":{"name":"buildEventBusTransport","decl":{"start":{"line":17,"column":9},"end":{"line":17,"column":31}},"loc":{"start":{"line":17,"column":45},"end":{"line":22,"column":1}},"line":17},"1":{"name":"createDIContainer","decl":{"start":{"line":35,"column":9},"end":{"line":35,"column":26}},"loc":{"start":{"line":35,"column":46},"end":{"line":51,"column":1}},"line":35},"2":{"name":"(anonymous_2)","decl":{"start":{"line":43,"column":23},"end":{"line":43,"column":24}},"loc":{"start":{"line":43,"column":29},"end":{"line":43,"column":38}},"line":43},"3":{"name":"(anonymous_3)","decl":{"start":{"line":46,"column":6},"end":{"line":46,"column":7}},"loc":{"start":{"line":46,"column":52},"end":{"line":46,"column":83}},"line":46},"4":{"name":"registerService","decl":{"start":{"line":64,"column":9},"end":{"line":64,"column":24}},"loc":{"start":{"line":64,"column":52},"end":{"line":69,"column":1}},"line":64}},"branchMap":{"0":{"loc":{"start":{"line":18,"column":2},"end":{"line":20,"column":3}},"type":"if","locations":[{"start":{"line":18,"column":2},"end":{"line":20,"column":3}},{"start":{},"end":{}}],"line":18},"1":{"loc":{"start":{"line":35,"column":27},"end":{"line":35,"column":44}},"type":"default-arg","locations":[{"start":{"line":35,"column":33},"end":{"line":35,"column":44}}],"line":35},"2":{"loc":{"start":{"line":65,"column":2},"end":{"line":67,"column":3}},"type":"if","locations":[{"start":{"line":65,"column":2},"end":{"line":67,"column":3}},{"start":{},"end":{}}],"line":65}},"s":{"0":2,"1":2,"2":2,"3":10,"4":2,"5":8,"6":7,"7":7,"8":7,"9":7,"10":5,"11":4,"12":7,"13":3,"14":1,"15":2,"16":2},"f":{"0":10,"1":7,"2":5,"3":4,"4":3},"b":{"0":[2,8],"1":[0],"2":[1,2]},"_coverageSchema":"1a1c01bbd47fc00a2c39e90264f33305004495a9","hash":"75ceb4ec2275013b8cef2a5f43cb5f6e1f6c2b8f"}
,"C:\\PWP\\docker\\gateway\\lib\\eventBus.js": {"path":"C:\\PWP\\docker\\gateway\\lib\\eventBus.js","statementMap":{"0":{"start":{"line":3,"column":25},"end":{"line":3,"column":42}},"1":{"start":{"line":4,"column":24},"end":{"line":4,"column":56}},"2":{"start":{"line":13,"column":4},"end":{"line":13,"column":39}},"3":{"start":{"line":14,"column":4},"end":{"line":14,"column":37}},"4":{"start":{"line":23,"column":4},"end":{"line":23,"column":51}},"5":{"start":{"line":24,"column":4},"end":{"line":24,"column":45}},"6":{"start":{"line":33,"column":4},"end":{"line":33,"column":41}},"7":{"start":{"line":34,"column":4},"end":{"line":34,"column":55}},"8":{"start":{"line":34,"column":17},"end":{"line":34,"column":54}},"9":{"start":{"line":38,"column":4},"end":{"line":38,"column":39}},"10":{"start":{"line":56,"column":4},"end":{"line":58,"column":5}},"11":{"start":{"line":57,"column":6},"end":{"line":57,"column":64}},"12":{"start":{"line":61,"column":18},"end":{"line":61,"column":36}},"13":{"start":{"line":62,"column":4},"end":{"line":62,"column":61}},"14":{"start":{"line":63,"column":4},"end":{"line":63,"column":38}},"15":{"start":{"line":64,"column":4},"end":{"line":64,"column":26}},"16":{"start":{"line":65,"column":4},"end":{"line":65,"column":25}},"17":{"start":{"line":69,"column":4},"end":{"line":69,"column":47}},"18":{"start":{"line":79,"column":4},"end":{"line":89,"column":5}},"19":{"start":{"line":80,"column":6},"end":{"line":85,"column":8}},"20":{"start":{"line":87,"column":6},"end":{"line":87,"column":87}},"21":{"start":{"line":88,"column":6},"end":{"line":88,"column":16}},"22":{"start":{"line":98,"column":18},"end":{"line":98,"column":23}},"23":{"start":{"line":99,"column":22},"end":{"line":99,"column":48}},"24":{"start":{"line":101,"column":4},"end":{"line":122,"column":9}},"25":{"start":{"line":102,"column":19},"end":{"line":102,"column":22}},"26":{"start":{"line":103,"column":6},"end":{"line":121,"column":7}},"27":{"start":{"line":104,"column":8},"end":{"line":120,"column":9}},"28":{"start":{"line":105,"column":26},"end":{"line":107,"column":11}},"29":{"start":{"line":108,"column":10},"end":{"line":108,"column":33}},"30":{"start":{"line":108,"column":24},"end":{"line":108,"column":33}},"31":{"start":{"line":109,"column":10},"end":{"line":115,"column":11}},"32":{"start":{"line":110,"column":12},"end":{"line":114,"column":13}},"33":{"start":{"line":111,"column":14},"end":{"line":111,"column":26}},"34":{"start":{"line":112,"column":26},"end":{"line":112,"column":35}},"35":{"start":{"line":113,"column":14},"end":{"line":113,"column":45}},"36":{"start":{"line":117,"column":10},"end":{"line":117,"column":103}},"37":{"start":{"line":119,"column":10},"end":{"line":119,"column":68}},"38":{"start":{"line":119,"column":41},"end":{"line":119,"column":66}},"39":{"start":{"line":124,"column":24},"end":{"line":124,"column":49}},"40":{"start":{"line":124,"column":32},"end":{"line":124,"column":47}},"41":{"start":{"line":125,"column":4},"end":{"line":125,"column":38}},"42":{"start":{"line":126,"column":4},"end":{"line":126,"column":23}},"43":{"start":{"line":130,"column":4},"end":{"line":130,"column":46}},"44":{"start":{"line":130,"column":38},"end":{"line":130,"column":44}},"45":{"start":{"line":131,"column":4},"end":{"line":131,"column":29}},"46":{"start":{"line":146,"column":4},"end":{"line":146,"column":32}},"47":{"start":{"line":147,"column":4},"end":{"line":147,"column":26}},"48":{"start":{"line":157,"column":4},"end":{"line":159,"column":5}},"49":{"start":{"line":158,"column":6},"end":{"line":158,"column":77}},"50":{"start":{"line":160,"column":4},"end":{"line":167,"column":5}},"51":{"start":{"line":161,"column":6},"end":{"line":161,"column":69}},"52":{"start":{"line":165,"column":6},"end":{"line":165,"column":91}},"53":{"start":{"line":166,"column":6},"end":{"line":166,"column":16}},"54":{"start":{"line":177,"column":4},"end":{"line":179,"column":5}},"55":{"start":{"line":178,"column":6},"end":{"line":178,"column":76}},"56":{"start":{"line":180,"column":4},"end":{"line":189,"column":7}},"57":{"start":{"line":181,"column":6},"end":{"line":188,"column":7}},"58":{"start":{"line":182,"column":8},"end":{"line":182,"column":56}},"59":{"start":{"line":184,"column":8},"end":{"line":187,"column":10}},"60":{"start":{"line":193,"column":4},"end":{"line":193,"column":34}},"61":{"start":{"line":197,"column":0},"end":{"line":197,"column":72}}},"fnMap":{"0":{"name":"(anonymous_0)","decl":{"start":{"line":12,"column":2},"end":{"line":12,"column":3}},"loc":{"start":{"line":12,"column":16},"end":{"line":15,"column":3}},"line":12},"1":{"name":"(anonymous_1)","decl":{"start":{"line":22,"column":2},"end":{"line":22,"column":3}},"loc":{"start":{"line":22,"column":44},"end":{"line":25,"column":3}},"line":22},"2":{"name":"(anonymous_2)","decl":{"start":{"line":32,"column":2},"end":{"line":32,"column":3}},"loc":{"start":{"line":32,"column":32},"end":{"line":35,"column":3}},"line":32},"3":{"name":"(anonymous_3)","decl":{"start":{"line":34,"column":11},"end":{"line":34,"column":12}},"loc":{"start":{"line":34,"column":17},"end":{"line":34,"column":54}},"line":34},"4":{"name":"(anonymous_4)","decl":{"start":{"line":37,"column":2},"end":{"line":37,"column":3}},"loc":{"start":{"line":37,"column":16},"end":{"line":39,"column":3}},"line":37},"5":{"name":"(anonymous_5)","decl":{"start":{"line":55,"column":2},"end":{"line":55,"column":3}},"loc":{"start":{"line":55,"column":76},"end":{"line":66,"column":3}},"line":55},"6":{"name":"(anonymous_6)","decl":{"start":{"line":68,"column":2},"end":{"line":68,"column":3}},"loc":{"start":{"line":68,"column":24},"end":{"line":70,"column":3}},"line":68},"7":{"name":"(anonymous_7)","decl":{"start":{"line":78,"column":2},"end":{"line":78,"column":3}},"loc":{"start":{"line":78,"column":44},"end":{"line":90,"column":3}},"line":78},"8":{"name":"(anonymous_8)","decl":{"start":{"line":97,"column":2},"end":{"line":97,"column":3}},"loc":{"start":{"line":97,"column":32},"end":{"line":127,"column":3}},"line":97},"9":{"name":"(anonymous_9)","decl":{"start":{"line":101,"column":5},"end":{"line":101,"column":6}},"loc":{"start":{"line":101,"column":17},"end":{"line":122,"column":5}},"line":101},"10":{"name":"(anonymous_10)","decl":{"start":{"line":119,"column":28},"end":{"line":119,"column":29}},"loc":{"start":{"line":119,"column":41},"end":{"line":119,"column":66}},"line":119},"11":{"name":"(anonymous_11)","decl":{"start":{"line":124,"column":24},"end":{"line":124,"column":25}},"loc":{"start":{"line":124,"column":30},"end":{"line":124,"column":49}},"line":124},"12":{"name":"(anonymous_12)","decl":{"start":{"line":129,"column":2},"end":{"line":129,"column":3}},"loc":{"start":{"line":129,"column":16},"end":{"line":132,"column":3}},"line":129},"13":{"name":"(anonymous_13)","decl":{"start":{"line":130,"column":28},"end":{"line":130,"column":29}},"loc":{"start":{"line":130,"column":38},"end":{"line":130,"column":44}},"line":130},"14":{"name":"(anonymous_14)","decl":{"start":{"line":145,"column":2},"end":{"line":145,"column":3}},"loc":{"start":{"line":145,"column":43},"end":{"line":148,"column":3}},"line":145},"15":{"name":"(anonymous_15)","decl":{"start":{"line":156,"column":2},"end":{"line":156,"column":3}},"loc":{"start":{"line":156,"column":23},"end":{"line":168,"column":3}},"line":156},"16":{"name":"(anonymous_16)","decl":{"start":{"line":176,"column":2},"end":{"line":176,"column":3}},"loc":{"start":{"line":176,"column":32},"end":{"line":190,"column":3}},"line":176},"17":{"name":"(anonymous_17)","decl":{"start":{"line":180,"column":48},"end":{"line":180,"column":49}},"loc":{"start":{"line":180,"column":70},"end":{"line":189,"column":5}},"line":180},"18":{"name":"(anonymous_18)","decl":{"start":{"line":192,"column":2},"end":{"line":192,"column":3}},"loc":{"start":{"line":192,"column":16},"end":{"line":194,"column":3}},"line":192}},"branchMap":{"0":{"loc":{"start":{"line":55,"column":26},"end":{"line":55,"column":54}},"type":"default-arg","locations":[{"start":{"line":55,"column":41},"end":{"line":55,"column":54}}],"line":55},"1":{"loc":{"start":{"line":55,"column":56},"end":{"line":55,"column":72}},"type":"default-arg","locations":[{"start":{"line":55,"column":65},"end":{"line":55,"column":72}}],"line":55},"2":{"loc":{"start":{"line":56,"column":4},"end":{"line":58,"column":5}},"type":"if","locations":[{"start":{"line":56,"column":4},"end":{"line":58,"column":5}},{"start":{},"end":{}}],"line":56},"3":{"loc":{"start":{"line":108,"column":10},"end":{"line":108,"column":33}},"type":"if","locations":[{"start":{"line":108,"column":10},"end":{"line":108,"column":33}},{"start":{},"end":{}}],"line":108},"4":{"loc":{"start":{"line":145,"column":25},"end":{"line":145,"column":41}},"type":"default-arg","locations":[{"start":{"line":145,"column":34},"end":{"line":145,"column":41}}],"line":145},"5":{"loc":{"start":{"line":157,"column":4},"end":{"line":159,"column":5}},"type":"if","locations":[{"start":{"line":157,"column":4},"end":{"line":159,"column":5}},{"start":{},"end":{}}],"line":157},"6":{"loc":{"start":{"line":177,"column":4},"end":{"line":179,"column":5}},"type":"if","locations":[{"start":{"line":177,"column":4},"end":{"line":179,"column":5}},{"start":{},"end":{}}],"line":177}},"s":{"0":4,"1":4,"2":16,"3":16,"4":9,"5":9,"6":7,"7":7,"8":1,"9":1,"10":8,"11":2,"12":6,"13":6,"14":6,"15":6,"16":6,"17":4,"18":2,"19":2,"20":1,"21":1,"22":2,"23":2,"24":2,"25":2,"26":2,"27":4,"28":4,"29":3,"30":2,"31":1,"32":1,"33":1,"34":1,"35":1,"36":1,"37":1,"38":1,"39":2,"40":2,"41":2,"42":2,"43":1,"44":1,"45":1,"46":12,"47":12,"48":10,"49":1,"50":9,"51":9,"52":0,"53":0,"54":8,"55":1,"56":7,"57":7,"58":7,"59":1,"60":1,"61":4},"f":{"0":16,"1":9,"2":7,"3":1,"4":1,"5":8,"6":4,"7":2,"8":2,"9":2,"10":1,"11":2,"12":1,"13":1,"14":12,"15":10,"16":8,"17":7,"18":1},"b":{"0":[7],"1":[1],"2":[2,6],"3":[2,1],"4":[0],"5":[1,9],"6":[1,7]},"_coverageSchema":"1a1c01bbd47fc00a2c39e90264f33305004495a9","hash":"eb7c814c393be902c2c447f1ea1b86c4b292b23e"}
,"C:\\PWP\\docker\\gateway\\lib\\logger.js": {"path":"C:\\PWP\\docker\\gateway\\lib\\logger.js","statementMap":{"0":{"start":{"line":3,"column":13},"end":{"line":3,"column":28}},"1":{"start":{"line":14,"column":15},"end":{"line":22,"column":4}},"2":{"start":{"line":18,"column":8},"end":{"line":18,"column":32}},"3":{"start":{"line":23,"column":2},"end":{"line":23,"column":58}},"4":{"start":{"line":26,"column":0},"end":{"line":26,"column":34}}},"fnMap":{"0":{"name":"createLogger","decl":{"start":{"line":13,"column":9},"end":{"line":13,"column":21}},"loc":{"start":{"line":13,"column":46},"end":{"line":24,"column":1}},"line":13},"1":{"name":"(anonymous_1)","decl":{"start":{"line":17,"column":6},"end":{"line":17,"column":7}},"loc":{"start":{"line":17,"column":19},"end":{"line":19,"column":7}},"line":17}},"branchMap":{"0":{"loc":{"start":{"line":13,"column":31},"end":{"line":13,"column":44}},"type":"default-arg","locations":[{"start":{"line":13,"column":42},"end":{"line":13,"column":44}}],"line":13},"1":{"loc":{"start":{"line":15,"column":11},"end":{"line":15,"column":42}},"type":"binary-expr","locations":[{"start":{"line":15,"column":11},"end":{"line":15,"column":32}},{"start":{"line":15,"column":36},"end":{"line":15,"column":42}}],"line":15}},"s":{"0":2,"1":7,"2":42,"3":7,"4":2},"f":{"0":7,"1":42},"b":{"0":[7],"1":[7,7]},"_coverageSchema":"1a1c01bbd47fc00a2c39e90264f33305004495a9","hash":"a9a97192ad05cfa349206f093e155b4d92f32c5a"}
}
