TN:
SF:domain\DomainEvent.js
FN:25,(anonymous_0)
FN:42,(anonymous_1)
FN:58,(anonymous_2)
FNF:3
FNH:3
FNDA:27,(anonymous_0)
FNDA:12,(anonymous_1)
FNDA:9,(anonymous_2)
DA:3,5
DA:26,27
DA:27,3
DA:29,24
DA:30,1
DA:33,23
DA:34,23
DA:35,23
DA:36,23
DA:37,23
DA:38,23
DA:43,12
DA:59,9
DA:60,9
DA:65,9
DA:66,9
DA:67,9
DA:71,5
LF:18
LH:18
BRDA:25,0,0,14
BRDA:26,1,0,3
BRDA:26,1,1,24
BRDA:26,2,0,27
BRDA:26,2,1,26
BRDA:29,3,0,1
BRDA:29,3,1,23
BRDA:29,4,0,24
BRDA:29,4,1,23
BRDA:35,5,0,23
BRDA:35,5,1,1
BRDA:37,6,0,23
BRDA:37,6,1,10
BRDA:38,7,0,23
BRDA:38,7,1,14
BRDA:59,8,0,1
BRDA:59,8,1,8
BRF:17
BRH:17
end_of_record
TN:
SF:lib\diContainer.js
FN:17,buildEventBusTransport
FN:35,createDIContainer
FN:43,(anonymous_2)
FN:46,(anonymous_3)
FN:64,registerService
FNF:5
FNH:5
FNDA:10,buildEventBusTransport
FNDA:7,createDIContainer
FNDA:5,(anonymous_2)
FNDA:4,(anonymous_3)
FNDA:3,registerService
DA:3,2
DA:4,2
DA:5,2
DA:18,10
DA:19,2
DA:21,8
DA:36,7
DA:38,7
DA:39,7
DA:41,7
DA:43,5
DA:46,4
DA:50,7
DA:65,3
DA:66,1
DA:68,2
DA:71,2
LF:17
LH:17
BRDA:18,0,0,2
BRDA:18,0,1,8
BRDA:35,1,0,0
BRDA:65,2,0,1
BRDA:65,2,1,2
BRF:5
BRH:4
end_of_record
TN:
SF:lib\eventBus.js
FN:12,(anonymous_0)
FN:22,(anonymous_1)
FN:32,(anonymous_2)
FN:34,(anonymous_3)
FN:37,(anonymous_4)
FN:55,(anonymous_5)
FN:68,(anonymous_6)
FN:78,(anonymous_7)
FN:97,(anonymous_8)
FN:101,(anonymous_9)
FN:119,(anonymous_10)
FN:124,(anonymous_11)
FN:129,(anonymous_12)
FN:130,(anonymous_13)
FN:145,(anonymous_14)
FN:156,(anonymous_15)
FN:176,(anonymous_16)
FN:180,(anonymous_17)
FN:192,(anonymous_18)
FNF:19
FNH:19
FNDA:16,(anonymous_0)
FNDA:9,(anonymous_1)
FNDA:7,(anonymous_2)
FNDA:1,(anonymous_3)
FNDA:1,(anonymous_4)
FNDA:8,(anonymous_5)
FNDA:4,(anonymous_6)
FNDA:2,(anonymous_7)
FNDA:2,(anonymous_8)
FNDA:2,(anonymous_9)
FNDA:1,(anonymous_10)
FNDA:2,(anonymous_11)
FNDA:1,(anonymous_12)
FNDA:1,(anonymous_13)
FNDA:12,(anonymous_14)
FNDA:10,(anonymous_15)
FNDA:8,(anonymous_16)
FNDA:7,(anonymous_17)
FNDA:1,(anonymous_18)
DA:3,4
DA:4,4
DA:13,16
DA:14,16
DA:23,9
DA:24,9
DA:33,7
DA:34,7
DA:38,1
DA:56,8
DA:57,2
DA:61,6
DA:62,6
DA:63,6
DA:64,6
DA:65,6
DA:69,4
DA:79,2
DA:80,2
DA:87,1
DA:88,1
DA:98,2
DA:99,2
DA:101,2
DA:102,2
DA:103,2
DA:104,4
DA:105,4
DA:108,3
DA:109,1
DA:110,1
DA:111,1
DA:112,1
DA:113,1
DA:117,1
DA:119,1
DA:124,2
DA:125,2
DA:126,2
DA:130,1
DA:131,1
DA:146,12
DA:147,12
DA:157,10
DA:158,1
DA:160,9
DA:161,9
DA:165,0
DA:166,0
DA:177,8
DA:178,1
DA:180,7
DA:181,7
DA:182,7
DA:184,1
DA:193,1
DA:197,4
LF:57
LH:55
BRDA:55,0,0,7
BRDA:55,1,0,1
BRDA:56,2,0,2
BRDA:56,2,1,6
BRDA:108,3,0,2
BRDA:108,3,1,1
BRDA:145,4,0,0
BRDA:157,5,0,1
BRDA:157,5,1,9
BRDA:177,6,0,1
BRDA:177,6,1,7
BRF:11
BRH:10
end_of_record
TN:
SF:lib\logger.js
FN:13,createLogger
FN:17,(anonymous_1)
FNF:2
FNH:2
FNDA:7,createLogger
FNDA:42,(anonymous_1)
DA:3,2
DA:14,7
DA:18,42
DA:23,7
DA:26,2
LF:5
LH:5
BRDA:13,0,0,7
BRDA:15,1,0,7
BRDA:15,1,1,7
BRF:3
BRH:3
end_of_record
